<?xml version="1.0" encoding="UTF-8"?>
<testsuite name="hello.servlet.domain.MemberRepositoryTest" tests="1" skipped="0" failures="0" errors="0" timestamp="2024-03-15T06:24:23" hostname="DESKTOP-4U61B9U" time="0.114">
  <properties/>
  <testcase name="findAll()" classname="hello.servlet.domain.MemberRepositoryTest" time="0.114"/>
  <system-out><![CDATA[]]></system-out>
  <system-err><![CDATA[]]></system-err>
</testsuite>
