<?xml version="1.0" encoding="UTF-8"?>
<testsuite name="hello.jdbc.exception.basic.CheckedAppTest" tests="1" skipped="0" failures="0" errors="0" timestamp="2024-05-23T06:53:15" hostname="DESKTOP-4U61B9U" time="0.071">
  <properties/>
  <testcase name="checked()" classname="hello.jdbc.exception.basic.CheckedAppTest" time="0.071"/>
  <system-out><![CDATA[]]></system-out>
  <system-err><![CDATA[]]></system-err>
</testsuite>
