<?xml version="1.0" encoding="UTF-8"?>
<testsuite name="hello.itemservice.domain.ItemRepositoryTest" tests="1" skipped="0" failures="0" errors="0" timestamp="2024-06-04T07:05:06" hostname="DESKTOP-4U61B9U" time="1.757">
  <properties/>
  <testcase name="save()" classname="hello.itemservice.domain.ItemRepositoryTest" time="1.757"/>
  <system-out><![CDATA[16:05:02.177 [Test worker] INFO org.springframework.test.context.support.AnnotationConfigContextLoaderUtils -- Could not detect default configuration classes for test class [hello.itemservice.domain.ItemRepositoryTest]: ItemRepositoryTest does not declare any static, non-private, non-final, nested classes annotated with @Configuration.
16:05:02.376 [Test worker] INFO org.springframework.boot.test.context.SpringBootTestContextBootstrapper -- Found @SpringBootConfiguration hello.itemservice.ItemServiceApplication for test class hello.itemservice.domain.ItemRepositoryTest

  .   ____          _            __ _ _
 /\\ / ___'_ __ _ _(_)_ __  __ _ \ \ \ \
( ( )\___ | '_ | '_| | '_ \/ _` | \ \ \ \
 \\/  ___)| |_)| | | | | || (_| |  ) ) ) )
  '  |____| .__|_| |_|_| |_\__, | / / / /
 =========|_|==============|___/=/_/_/_/
 :: Spring Boot ::                (v3.2.4)

2024-06-04T16:05:03.137+09:00  INFO 37908 --- [    Test worker] h.itemservice.domain.ItemRepositoryTest  : Starting ItemRepositoryTest using Java 17.0.9 with PID 37908 (started by wnstl in C:\Code\BackEnd_Spring\SpringDB\DB2\itemservice-db)
2024-06-04T16:05:03.140+09:00  INFO 37908 --- [    Test worker] h.itemservice.domain.ItemRepositoryTest  : The following 1 profile is active: "test"
2024-06-04T16:05:04.854+09:00  INFO 37908 --- [    Test worker] h.itemservice.ItemServiceApplication     : 메모리 데이터베이스 초기화
2024-06-04T16:05:04.863+09:00 DEBUG 37908 --- [    Test worker] o.s.j.d.DriverManagerDataSource          : Loaded JDBC driver: org.h2.Driver
2024-06-04T16:05:05.410+09:00  INFO 37908 --- [    Test worker] o.s.b.a.w.s.WelcomePageHandlerMapping    : Adding welcome page: class path resource [static/index.html]
2024-06-04T16:05:06.169+09:00 DEBUG 37908 --- [    Test worker] o.s.jdbc.datasource.DataSourceUtils      : Fetching JDBC Connection from DataSource
2024-06-04T16:05:06.171+09:00 DEBUG 37908 --- [    Test worker] o.s.j.d.DriverManagerDataSource          : Creating new JDBC DriverManager Connection to [jdbc:h2:mem:db;DB_CLOSE_DELAY=-1]
2024-06-04T16:05:06.647+09:00 DEBUG 37908 --- [    Test worker] o.s.jdbc.datasource.DataSourceUtils      : Fetching JDBC Connection from DataSource
2024-06-04T16:05:06.647+09:00 DEBUG 37908 --- [    Test worker] o.s.j.d.DriverManagerDataSource          : Creating new JDBC DriverManager Connection to [jdbc:h2:mem:db;DB_CLOSE_DELAY=-1]
2024-06-04T16:05:06.651+09:00 DEBUG 37908 --- [    Test worker] o.s.jdbc.datasource.init.ScriptUtils     : Executing SQL script from file [C:\Code\BackEnd_Spring\SpringDB\DB2\itemservice-db\build\resources\test\schema.sql]
2024-06-04T16:05:06.662+09:00 DEBUG 37908 --- [    Test worker] o.s.jdbc.datasource.init.ScriptUtils     : 0 returned as update count for SQL: drop table if exists item CASCADE
2024-06-04T16:05:06.682+09:00 DEBUG 37908 --- [    Test worker] o.s.jdbc.datasource.init.ScriptUtils     : 0 returned as update count for SQL: create table item ( id bigint generated by default as identity, item_name varchar(10), price integer, quantity integer, primary key (id) )
2024-06-04T16:05:06.690+09:00 DEBUG 37908 --- [    Test worker] o.s.jdbc.datasource.init.ScriptUtils     : Executed SQL script from file [C:\Code\BackEnd_Spring\SpringDB\DB2\itemservice-db\build\resources\test\schema.sql] in 30 ms.
2024-06-04T16:05:06.834+09:00  INFO 37908 --- [    Test worker] h.itemservice.domain.ItemRepositoryTest  : Started ItemRepositoryTest in 4.175 seconds (process running for 6.196)
2024-06-04T16:05:06.886+09:00 DEBUG 37908 --- [    Test worker] o.s.jdbc.support.JdbcTransactionManager  : Creating new transaction with name [hello.itemservice.domain.ItemRepositoryTest.save]: PROPAGATION_REQUIRED,ISOLATION_DEFAULT
2024-06-04T16:05:06.887+09:00 DEBUG 37908 --- [    Test worker] o.s.j.d.DriverManagerDataSource          : Creating new JDBC DriverManager Connection to [jdbc:h2:mem:db;DB_CLOSE_DELAY=-1]
2024-06-04T16:05:06.889+09:00 DEBUG 37908 --- [    Test worker] o.s.jdbc.support.JdbcTransactionManager  : Acquired Connection [conn2: url=jdbc:h2:mem:db user=SA] for JDBC transaction
2024-06-04T16:05:06.893+09:00 DEBUG 37908 --- [    Test worker] o.s.jdbc.support.JdbcTransactionManager  : Switching JDBC Connection [conn2: url=jdbc:h2:mem:db user=SA] to manual commit
2024-06-04T16:05:08.376+09:00 DEBUG 37908 --- [    Test worker] o.s.jdbc.core.simple.SimpleJdbcInsert    : JdbcInsert not compiled before execution - invoking compile
2024-06-04T16:05:08.384+09:00 DEBUG 37908 --- [    Test worker] o.s.j.c.m.TableMetaDataProviderFactory   : Using GenericTableMetaDataProvider
2024-06-04T16:05:08.384+09:00 DEBUG 37908 --- [    Test worker] o.s.j.c.metadata.TableMetaDataProvider   : GetGeneratedKeys is supported
2024-06-04T16:05:08.385+09:00 DEBUG 37908 --- [    Test worker] o.s.j.c.metadata.TableMetaDataProvider   : GeneratedKeysColumnNameArray is supported for H2
2024-06-04T16:05:08.406+09:00 DEBUG 37908 --- [    Test worker] o.s.j.c.metadata.TableMetaDataProvider   : Retrieving meta-data for DB/PUBLIC/ITEM
2024-06-04T16:05:08.412+09:00 DEBUG 37908 --- [    Test worker] o.s.j.c.metadata.TableMetaDataProvider   : Retrieved meta-data: 'ID', sqlType=-5, nullable=false
2024-06-04T16:05:08.412+09:00 DEBUG 37908 --- [    Test worker] o.s.j.c.metadata.TableMetaDataProvider   : Retrieved meta-data: 'ITEM_NAME', sqlType=12, nullable=true
2024-06-04T16:05:08.413+09:00 DEBUG 37908 --- [    Test worker] o.s.j.c.metadata.TableMetaDataProvider   : Retrieved meta-data: 'PRICE', sqlType=4, nullable=true
2024-06-04T16:05:08.413+09:00 DEBUG 37908 --- [    Test worker] o.s.j.c.metadata.TableMetaDataProvider   : Retrieved meta-data: 'QUANTITY', sqlType=4, nullable=true
2024-06-04T16:05:08.415+09:00 DEBUG 37908 --- [    Test worker] o.s.jdbc.core.simple.SimpleJdbcInsert    : Compiled insert object: insert string is [INSERT INTO item (ITEM_NAME, PRICE, QUANTITY) VALUES(?, ?, ?)]
2024-06-04T16:05:08.415+09:00 DEBUG 37908 --- [    Test worker] o.s.jdbc.core.simple.SimpleJdbcInsert    : JdbcInsert for table [item] compiled
2024-06-04T16:05:08.424+09:00 DEBUG 37908 --- [    Test worker] o.s.jdbc.core.simple.SimpleJdbcInsert    : The following parameters are used for call INSERT INTO item (ITEM_NAME, PRICE, QUANTITY) VALUES(?, ?, ?) with: [org.springframework.jdbc.core.SqlParameterValue@714c74eb, org.springframework.jdbc.core.SqlParameterValue@510e4d79, org.springframework.jdbc.core.SqlParameterValue@2f0cab82]
2024-06-04T16:05:08.425+09:00 DEBUG 37908 --- [    Test worker] o.s.jdbc.core.JdbcTemplate               : Executing SQL update and returning generated keys
2024-06-04T16:05:08.427+09:00 DEBUG 37908 --- [    Test worker] o.s.jdbc.core.JdbcTemplate               : Executing prepared SQL statement
2024-06-04T16:05:08.428+09:00 DEBUG 37908 --- [    Test worker] o.s.jdbc.core.simple.SimpleJdbcInsert    : Using generated keys support with array of column names.
2024-06-04T16:05:08.435+09:00 DEBUG 37908 --- [    Test worker] o.s.jdbc.core.StatementCreatorUtils      : Overriding type info with runtime info from SqlParameterValue: column index 1, SQL type 12, type name null
2024-06-04T16:05:08.436+09:00 DEBUG 37908 --- [    Test worker] o.s.jdbc.core.StatementCreatorUtils      : Overriding type info with runtime info from SqlParameterValue: column index 2, SQL type 4, type name null
2024-06-04T16:05:08.444+09:00 DEBUG 37908 --- [    Test worker] o.s.jdbc.core.StatementCreatorUtils      : Overriding type info with runtime info from SqlParameterValue: column index 3, SQL type 4, type name null
2024-06-04T16:05:08.468+09:00 DEBUG 37908 --- [    Test worker] o.s.jdbc.core.JdbcTemplate               : Executing prepared SQL query
2024-06-04T16:05:08.469+09:00 DEBUG 37908 --- [    Test worker] o.s.jdbc.core.JdbcTemplate               : Executing prepared SQL statement [select id, item_name, price, quantity from item where id = ?]
2024-06-04T16:05:08.484+09:00 DEBUG 37908 --- [    Test worker] o.s.jdbc.core.BeanPropertyRowMapper      : Mapping column 'ID' to property 'id' of type 'java.lang.Long'
2024-06-04T16:05:08.485+09:00 DEBUG 37908 --- [    Test worker] o.s.jdbc.core.BeanPropertyRowMapper      : Mapping column 'ITEM_NAME' to property 'itemName' of type 'java.lang.String'
2024-06-04T16:05:08.486+09:00 DEBUG 37908 --- [    Test worker] o.s.jdbc.core.BeanPropertyRowMapper      : Mapping column 'PRICE' to property 'price' of type 'java.lang.Integer'
2024-06-04T16:05:08.487+09:00 DEBUG 37908 --- [    Test worker] o.s.jdbc.core.BeanPropertyRowMapper      : Mapping column 'QUANTITY' to property 'quantity' of type 'java.lang.Integer'
2024-06-04T16:05:08.614+09:00 DEBUG 37908 --- [    Test worker] o.s.jdbc.support.JdbcTransactionManager  : Initiating transaction rollback
2024-06-04T16:05:08.615+09:00 DEBUG 37908 --- [    Test worker] o.s.jdbc.support.JdbcTransactionManager  : Rolling back JDBC transaction on Connection [conn2: url=jdbc:h2:mem:db user=SA]
2024-06-04T16:05:08.617+09:00 DEBUG 37908 --- [    Test worker] o.s.jdbc.support.JdbcTransactionManager  : Releasing JDBC Connection [conn2: url=jdbc:h2:mem:db user=SA] after transaction
]]></system-out>
  <system-err><![CDATA[]]></system-err>
</testsuite>
